  [1m[35m (316.2ms)[0m  [1m[35mCREATE DATABASE "test_action_mailer_development" ENCODING = 'unicode'[0m
  ↳ bin/rails:9
  [1m[35m (261.9ms)[0m  [1m[35mCREATE DATABASE "test_action_mailer_test" ENCODING = 'unicode'[0m
  ↳ bin/rails:9
  [1m[35m (9.2ms)[0m  [1m[35mCREATE TABLE "schema_migrations" ("version" character varying NOT NULL PRIMARY KEY)[0m
  ↳ bin/rails:9
  [1m[35m (8.4ms)[0m  [1m[35mCREATE TABLE "ar_internal_metadata" ("key" character varying NOT NULL PRIMARY KEY, "value" character varying, "created_at" timestamp NOT NULL, "updated_at" timestamp NOT NULL)[0m
  ↳ bin/rails:9
  [1m[35m (0.2ms)[0m  [1m[34mSELECT pg_try_advisory_lock(5257908756930330060)[0m
  ↳ bin/rails:9
  [1m[35m (0.4ms)[0m  [1m[34mSELECT "schema_migrations"."version" FROM "schema_migrations" ORDER BY "schema_migrations"."version" ASC[0m
  ↳ bin/rails:9
Migrating to CreateUsers (20190211053911)
  [1m[35m (0.2ms)[0m  [1m[35mBEGIN[0m
  ↳ bin/rails:9
  [1m[35m (10.9ms)[0m  [1m[35mCREATE TABLE "users" ("id" bigserial primary key, "name" character varying, "email" character varying, "created_at" timestamp NOT NULL, "updated_at" timestamp NOT NULL)[0m
  ↳ db/migrate/20190211053911_create_users.rb:3
  [1m[36mActiveRecord::SchemaMigration Create (0.4ms)[0m  [1m[32mINSERT INTO "schema_migrations" ("version") VALUES ($1) RETURNING "version"[0m  [["version", "20190211053911"]]
  ↳ bin/rails:9
  [1m[35m (1.0ms)[0m  [1m[35mCOMMIT[0m
  ↳ bin/rails:9
  [1m[36mActiveRecord::InternalMetadata Load (0.3ms)[0m  [1m[34mSELECT  "ar_internal_metadata".* FROM "ar_internal_metadata" WHERE "ar_internal_metadata"."key" = $1 LIMIT $2[0m  [["key", "environment"], ["LIMIT", 1]]
  ↳ bin/rails:9
  [1m[35m (0.2ms)[0m  [1m[35mBEGIN[0m
  ↳ bin/rails:9
  [1m[36mActiveRecord::InternalMetadata Create (0.3ms)[0m  [1m[32mINSERT INTO "ar_internal_metadata" ("key", "value", "created_at", "updated_at") VALUES ($1, $2, $3, $4) RETURNING "key"[0m  [["key", "environment"], ["value", "development"], ["created_at", "2019-02-11 05:39:33.044322"], ["updated_at", "2019-02-11 05:39:33.044322"]]
  ↳ bin/rails:9
  [1m[35m (0.9ms)[0m  [1m[35mCOMMIT[0m
  ↳ bin/rails:9
  [1m[35m (0.2ms)[0m  [1m[34mSELECT pg_advisory_unlock(5257908756930330060)[0m
  ↳ bin/rails:9
  [1m[35m (0.2ms)[0m  [1m[34mSELECT "schema_migrations"."version" FROM "schema_migrations" ORDER BY "schema_migrations"."version" ASC[0m
  ↳ bin/rails:9
  [1m[35m (0.2ms)[0m  [1m[35mBEGIN[0m
  [1m[36mUser Create (0.5ms)[0m  [1m[32mINSERT INTO "users" ("name", "email", "created_at", "updated_at") VALUES ($1, $2, $3, $4) RETURNING "id"[0m  [["name", "Féfé"], ["email", "féfé@yopmail.com"], ["created_at", "2019-02-11 05:53:22.415123"], ["updated_at", "2019-02-11 05:53:22.415123"]]
  Rendering user_mailer/welcome_email.html.erb within layouts/mailer
  Rendered user_mailer/welcome_email.html.erb within layouts/mailer (0.9ms)
  Rendering user_mailer/welcome_email.text.erb within layouts/mailer
  Rendered user_mailer/welcome_email.text.erb within layouts/mailer (0.2ms)
UserMailer#welcome_email: processed outbound mail in 732.9ms
Sent mail to féfé@yopmail.com (31.9ms)
Date: Mon, 11 Feb 2019 06:53:23 +0100
From: no-reply@monsite.fr
To: =?UTF-8?B?ZsOpZsOp?=@yopmail.com
Message-ID: <5c610dd34e71e_19052accd15ac5bc860e0@e580.mail>
Subject: Bienvenue chez nous !
Mime-Version: 1.0
Content-Type: multipart/alternative;
 boundary="--==_mimepart_5c610dd34cfb5_19052accd15ac5bc859a9";
 charset=UTF-8
Content-Transfer-Encoding: 7bit


----==_mimepart_5c610dd34cfb5_19052accd15ac5bc859a9
Content-Type: text/plain;
 charset=UTF-8
Content-Transfer-Encoding: base64

U2FsdXQgRsOpZsOpIGV0IGJpZW52ZW51ZSBjaGV6IG5vdXMgIQ0KPT09PT09
PT09PT09PT09PT09PT09PT09PT09PT09PT09PT09PT09PT09PT09PT09PT09
PT09PT09PQ0KIA0KVHUgdCdlcyBpbnNjcml0IHN1ciBtb25zaXRlLmZyIGVu
IHV0aWxpc2FudCBsJ2UtbWFpbCBzdWl2YW50IDogZsOpZsOpQHlvcG1haWwu
Y29tLg0KIA0KUG91ciBhY2PDqWRlciDDoCB0b24gZXNwYWNlIGNsaWVudCwg
Y29ubmVjdGUtdG9pIHZpYSA6IGh0dHA6Ly9tb25zaXRlLmZyL2xvZ2luLg0K
IA0Kw4AgdHLDqHMgdml0ZSBzdXIgbW9uc2l0ZS5mciAhDQo=

----==_mimepart_5c610dd34cfb5_19052accd15ac5bc859a9
Content-Type: text/html;
 charset=UTF-8
Content-Transfer-Encoding: quoted-printable

<!DOCTYPE html>=0D
<html>=0D
  <head>=0D
    <meta http-equiv=3D"Content-Type" content=3D"text/html; charset=3Dutf=
-8" />=0D
    <style>=0D
      /* Email styles need to be inline */=0D
    </style>=0D
  </head>=0D
=0D
  <body>=0D
    <!DOCTYPE html>=0D
<html>=0D
  <head>=0D
    <meta content=3D'text/html; charset=3DUTF-8' http-equiv=3D'Content-Ty=
pe' />=0D
  </head>=0D
  <body>=0D
    <h1>Salut F=C3=A9f=C3=A9 et bienvenue chez nous !</h1>=0D
    <p>=0D
      Tu t'es inscrit sur monsite.fr en utilisant l'e-mail suivant : f=C3=
=A9f=C3=A9@yopmail.com.=0D
    </p>=0D
    <p>=0D
      Pour acc=C3=A9der =C3=A0 ton espace client, connecte-toi via : http=
://monsite.fr/login.=0D
    </p>=0D
    <p> =C3=80 tr=C3=A8s vite sur monsite.fr !=0D
  </body>=0D
</html>=0D
  </body>=0D
</html>=0D

----==_mimepart_5c610dd34cfb5_19052accd15ac5bc859a9--

  [1m[35m (1.0ms)[0m  [1m[35mCOMMIT[0m
  [1m[35m (0.2ms)[0m  [1m[35mBEGIN[0m
  [1m[36mUser Create (0.4ms)[0m  [1m[32mINSERT INTO "users" ("name", "email", "created_at", "updated_at") VALUES ($1, $2, $3, $4) RETURNING "id"[0m  [["name", "John"], ["email", "test_user_mailer@yopmail.com"], ["created_at", "2019-02-11 07:27:11.915820"], ["updated_at", "2019-02-11 07:27:11.915820"]]
  Rendering user_mailer/welcome_email.html.erb within layouts/mailer
  Rendered user_mailer/welcome_email.html.erb within layouts/mailer (0.7ms)
  Rendering user_mailer/welcome_email.text.erb within layouts/mailer
  Rendered user_mailer/welcome_email.text.erb within layouts/mailer (0.3ms)
UserMailer#welcome_email: processed outbound mail in 23.7ms
Sent mail to test_user_mailer@yopmail.com (15168.2ms)
Date: Mon, 11 Feb 2019 08:27:11 +0100
From: no-reply@monsite.fr
To: test_user_mailer@yopmail.com
Message-ID: <5c6123cfe7a8d_24522af0d5f9c5b890046@e580.mail>
Subject: Bienvenue chez nous !
Mime-Version: 1.0
Content-Type: multipart/alternative;
 boundary="--==_mimepart_5c6123cfe6e9d_24522af0d5f9c5b8899db";
 charset=UTF-8
Content-Transfer-Encoding: 7bit


----==_mimepart_5c6123cfe6e9d_24522af0d5f9c5b8899db
Content-Type: text/plain;
 charset=UTF-8
Content-Transfer-Encoding: base64

U2FsdXQgSm9obiBldCBiaWVudmVudWUgY2hleiBub3VzICENCj09PT09PT09
PT09PT09PT09PT09PT09PT09PT09PT09PT09PT09PT09PT09PT09PT09PT09
PT09PT0NCiANClR1IHQnZXMgaW5zY3JpdCBzdXIgbW9uc2l0ZS5mciBlbiB1
dGlsaXNhbnQgbCdlLW1haWwgc3VpdmFudCA6IHRlc3RfdXNlcl9tYWlsZXJA
eW9wbWFpbC5jb20uDQogDQpQb3VyIGFjY8OpZGVyIMOgIHRvbiBlc3BhY2Ug
Y2xpZW50LCBjb25uZWN0ZS10b2kgdmlhIDogaHR0cDovL21vbnNpdGUuZnIv
bG9naW4uDQogDQrDgCB0csOocyB2aXRlIHN1ciBtb25zaXRlLmZyICENCg==

----==_mimepart_5c6123cfe6e9d_24522af0d5f9c5b8899db
Content-Type: text/html;
 charset=UTF-8
Content-Transfer-Encoding: quoted-printable

<!DOCTYPE html>=0D
<html>=0D
  <head>=0D
    <meta http-equiv=3D"Content-Type" content=3D"text/html; charset=3Dutf=
-8" />=0D
    <style>=0D
      /* Email styles need to be inline */=0D
    </style>=0D
  </head>=0D
=0D
  <body>=0D
    <!DOCTYPE html>=0D
<html>=0D
  <head>=0D
    <meta content=3D'text/html; charset=3DUTF-8' http-equiv=3D'Content-Ty=
pe' />=0D
  </head>=0D
  <body>=0D
    <h1>Salut John et bienvenue chez nous !</h1>=0D
    <p>=0D
      Tu t'es inscrit sur monsite.fr en utilisant l'e-mail suivant : test=
_user_mailer@yopmail.com.=0D
    </p>=0D
    <p>=0D
      Pour acc=C3=A9der =C3=A0 ton espace client, connecte-toi via : http=
://monsite.fr/login.=0D
    </p>=0D
    <p> =C3=80 tr=C3=A8s vite sur monsite.fr !=0D
  </body>=0D
</html>=0D
  </body>=0D
</html>=0D

----==_mimepart_5c6123cfe6e9d_24522af0d5f9c5b8899db--

  [1m[35m (7.8ms)[0m  [1m[35mCOMMIT[0m
